<!DOCTYPE html>
<html>
<head>
<meta http-equiv="Content-Type" content="text/html; charset=utf-8"/>
<meta http-equiv="x-ua-compatible" content="IE=edge"/>
<title>Test results - Class utest</title>
<link href="../css/base-style.css" rel="stylesheet" type="text/css"/>
<link href="../css/style.css" rel="stylesheet" type="text/css"/>
<script src="../js/report.js" type="text/javascript"></script>
</head>
<body>
<div id="content">
<h1>Class utest</h1>
<div class="breadcrumbs">
<a href="../index.html">all</a> &gt; 
<a href="../packages/default-package.html">default-package</a> &gt; utest</div>
<div id="summary">
<table>
<tr>
<td>
<div class="summaryGroup">
<table>
<tr>
<td>
<div class="infoBox" id="tests">
<div class="counter">1</div>
<p>tests</p>
</div>
</td>
<td>
<div class="infoBox" id="failures">
<div class="counter">1</div>
<p>failures</p>
</div>
</td>
<td>
<div class="infoBox" id="ignored">
<div class="counter">0</div>
<p>ignored</p>
</div>
</td>
<td>
<div class="infoBox" id="duration">
<div class="counter">56.319s</div>
<p>duration</p>
</div>
</td>
</tr>
</table>
</div>
</td>
<td>
<div class="infoBox failures" id="successRate">
<div class="percent">0%</div>
<p>successful</p>
</div>
</td>
</tr>
</table>
</div>
<div id="tabs">
<ul class="tabLinks">
<li>
<a href="#tab0">Failed tests</a>
</li>
<li>
<a href="#tab1">Tests</a>
</li>
<li>
<a href="#tab2">Standard output</a>
</li>
<li>
<a href="#tab3">Standard error</a>
</li>
</ul>
<div id="tab0" class="tab">
<h2>Failed tests</h2>
<div class="test">
<a name="search for automation on the utest page"></a>
<h3 class="failures">search for automation on the utest page</h3>
<span class="code">
<pre>cucumber.runtime.CucumberException: Arity mismatch: Step Definition 'co.com.choucair.certification.utest.stepdefinitions.UtestStepDefinitions.VerifyThatThRegistrationHasBeenCorrectly(String) in file:/C:/Users/Felipe/IdeaProjects/co.com.choucair.certification.utest/build/classes/java/test/' with pattern [^verify that the user registration is correct$] is declared with 1 parameters. However, the gherkin step has 0 arguments []. 
Step text: verify that the user registration is correct
	at cucumber.runtime.StepDefinitionMatch.arityMismatch(StepDefinitionMatch.java:111)
	at cucumber.runtime.StepDefinitionMatch.transformedArgs(StepDefinitionMatch.java:66)
	at cucumber.runtime.StepDefinitionMatch.runStep(StepDefinitionMatch.java:40)
	at cucumber.api.TestStep.executeStep(TestStep.java:102)
	at cucumber.api.TestStep.run(TestStep.java:83)
	at cucumber.api.TestCase.run(TestCase.java:58)
	at cucumber.runner.Runner.runPickle(Runner.java:80)
	at cucumber.runtime.junit.PickleRunners$NoStepDescriptions.run(PickleRunners.java:140)
	at cucumber.runtime.junit.FeatureRunner.runChild(FeatureRunner.java:68)
	at cucumber.runtime.junit.FeatureRunner.runChild(FeatureRunner.java:23)
	at org.junit.runners.ParentRunner$3.run(ParentRunner.java:290)
	at org.junit.runners.ParentRunner$1.schedule(ParentRunner.java:71)
	at org.junit.runners.ParentRunner.runChildren(ParentRunner.java:288)
	at org.junit.runners.ParentRunner.access$000(ParentRunner.java:58)
	at org.junit.runners.ParentRunner$2.evaluate(ParentRunner.java:268)
	at org.junit.runners.ParentRunner.run(ParentRunner.java:363)
	at cucumber.runtime.junit.FeatureRunner.run(FeatureRunner.java:73)
	at cucumber.api.junit.Cucumber.runChild(Cucumber.java:118)
	at cucumber.api.junit.Cucumber.runChild(Cucumber.java:56)
	at org.junit.runners.ParentRunner$3.run(ParentRunner.java:290)
	at org.junit.runners.ParentRunner$1.schedule(ParentRunner.java:71)
	at org.junit.runners.ParentRunner.runChildren(ParentRunner.java:288)
	at org.junit.runners.ParentRunner.access$000(ParentRunner.java:58)
	at org.junit.runners.ParentRunner$2.evaluate(ParentRunner.java:268)
	at cucumber.api.junit.Cucumber$1.evaluate(Cucumber.java:127)
	at org.junit.runners.ParentRunner.run(ParentRunner.java:363)
	at org.gradle.api.internal.tasks.testing.junit.JUnitTestClassExecutor.runTestClass(JUnitTestClassExecutor.java:110)
	at org.gradle.api.internal.tasks.testing.junit.JUnitTestClassExecutor.execute(JUnitTestClassExecutor.java:58)
	at org.gradle.api.internal.tasks.testing.junit.JUnitTestClassExecutor.execute(JUnitTestClassExecutor.java:38)
	at org.gradle.api.internal.tasks.testing.junit.AbstractJUnitTestClassProcessor.processTestClass(AbstractJUnitTestClassProcessor.java:62)
	at org.gradle.api.internal.tasks.testing.SuiteTestClassProcessor.processTestClass(SuiteTestClassProcessor.java:51)
	at sun.reflect.NativeMethodAccessorImpl.invoke0(Native Method)
	at sun.reflect.NativeMethodAccessorImpl.invoke(NativeMethodAccessorImpl.java:62)
	at sun.reflect.DelegatingMethodAccessorImpl.invoke(DelegatingMethodAccessorImpl.java:43)
	at java.lang.reflect.Method.invoke(Method.java:498)
	at org.gradle.internal.dispatch.ReflectionDispatch.dispatch(ReflectionDispatch.java:36)
	at org.gradle.internal.dispatch.ReflectionDispatch.dispatch(ReflectionDispatch.java:24)
	at org.gradle.internal.dispatch.ContextClassLoaderDispatch.dispatch(ContextClassLoaderDispatch.java:33)
	at org.gradle.internal.dispatch.ProxyDispatchAdapter$DispatchingInvocationHandler.invoke(ProxyDispatchAdapter.java:94)
	at com.sun.proxy.$Proxy2.processTestClass(Unknown Source)
	at org.gradle.api.internal.tasks.testing.worker.TestWorker.processTestClass(TestWorker.java:119)
	at sun.reflect.NativeMethodAccessorImpl.invoke0(Native Method)
	at sun.reflect.NativeMethodAccessorImpl.invoke(NativeMethodAccessorImpl.java:62)
	at sun.reflect.DelegatingMethodAccessorImpl.invoke(DelegatingMethodAccessorImpl.java:43)
	at java.lang.reflect.Method.invoke(Method.java:498)
	at org.gradle.internal.dispatch.ReflectionDispatch.dispatch(ReflectionDispatch.java:36)
	at org.gradle.internal.dispatch.ReflectionDispatch.dispatch(ReflectionDispatch.java:24)
	at org.gradle.internal.remote.internal.hub.MessageHubBackedObjectConnection$DispatchWrapper.dispatch(MessageHubBackedObjectConnection.java:182)
	at org.gradle.internal.remote.internal.hub.MessageHubBackedObjectConnection$DispatchWrapper.dispatch(MessageHubBackedObjectConnection.java:164)
	at org.gradle.internal.remote.internal.hub.MessageHub$Handler.run(MessageHub.java:414)
	at org.gradle.internal.concurrent.ExecutorPolicy$CatchAndRecordFailures.onExecute(ExecutorPolicy.java:64)
	at org.gradle.internal.concurrent.ManagedExecutorImpl$1.run(ManagedExecutorImpl.java:48)
	at java.util.concurrent.ThreadPoolExecutor.runWorker(ThreadPoolExecutor.java:1142)
	at java.util.concurrent.ThreadPoolExecutor$Worker.run(ThreadPoolExecutor.java:617)
	at org.gradle.internal.concurrent.ThreadFactoryImpl$ManagedThreadRunnable.run(ThreadFactoryImpl.java:56)
	at java.lang.Thread.run(Thread.java:748)
</pre>
</span>
</div>
</div>
<div id="tab1" class="tab">
<h2>Tests</h2>
<table>
<thead>
<tr>
<th>Test</th>
<th>Duration</th>
<th>Result</th>
</tr>
</thead>
<tr>
<td class="failures">search for automation on the utest page</td>
<td class="failures">56.319s</td>
<td class="failures">failed</td>
</tr>
</table>
</div>
<div id="tab2" class="tab">
<h2>Standard output</h2>
<span class="code">
<pre>net.thucydides.core.webdriver.exceptions.ElementShouldBeEnabledException: Expected enabled element was not enabled
</pre>
</span>
</div>
<div id="tab3" class="tab">
<h2>Standard error</h2>
<span class="code">
<pre>[Test worker] WARN net.thucydides.core.steps.BaseStepListener - stepStarted: net.thucydides.core.steps.ExecutedStepDescription@3148ca77
[Test worker] WARN net.thucydides.core.steps.BaseStepListener - stepStarted: net.thucydides.core.steps.ExecutedStepDescription@e8c4ac
[Test worker] WARN net.thucydides.core.steps.BaseStepListener - stepStarted: net.thucydides.core.steps.ExecutedStepDescription@3d4a756b
oct 06, 2021 9:44:54 PM org.openqa.selenium.remote.DesiredCapabilities chrome
INFORMACIÓN: Using `new ChromeOptions()` is preferred to `DesiredCapabilities.chrome()`
[Test worker] INFO net.serenitybdd.core.webdriver.driverproviders.ProvideNewDriver - Instantiating driver
[Test worker] INFO net.serenitybdd.core.webdriver.driverproviders.ProvideNewDriver - Driver capabilities: Capabilities {acceptInsecureCerts: false, browserName: chrome, chrome.switches: --start-maximized, goog:chromeOptions: {args: [--start-maximized], extensions: []}, loggingPrefs: org.openqa.selenium.logging..., platform: ANY, version: }
Starting ChromeDriver 94.0.4606.41 (333e85df3c9b656b518b5f1add5ff246365b6c24-refs/branch-heads/4606@{#845}) on port 47699
Only local connections are allowed.
Please see https://chromedriver.chromium.org/security-considerations for suggestions on keeping ChromeDriver safe.
ChromeDriver was started successfully.
oct 06, 2021 9:44:58 PM org.openqa.selenium.remote.ProtocolHandshake createSession
INFORMACIÓN: Detected dialect: W3C
[Test worker] WARN net.thucydides.core.steps.BaseStepListener - stepFinished: current outcome:search for automation on the utest page:Given click register [Juan open up [Juan opens the Utest page]]
[Test worker] WARN net.thucydides.core.steps.BaseStepListener - stepFinished: current outcome:search for automation on the utest page:Given click register [Juan open up [Juan opens the Utest page]]
[Test worker] WARN net.thucydides.core.steps.BaseStepListener - stepStarted: net.thucydides.core.steps.ExecutedStepDescription@7c84c6cc
[Test worker] WARN net.thucydides.core.steps.BaseStepListener - stepStarted: net.thucydides.core.steps.ExecutedStepDescription@362a4aa1
[Test worker] WARN net.thucydides.core.steps.BaseStepListener - stepFinished: current outcome:search for automation on the utest page:Given click register [Juan open up [Juan opens the Utest page], Juan top page [Juan clicks on button that shows us the form to register as a user
]]
[Test worker] WARN net.thucydides.core.steps.BaseStepListener - stepFinished: current outcome:search for automation on the utest page:Given click register [Juan open up [Juan opens the Utest page], Juan top page [Juan clicks on button that shows us the form to register as a user
]]
[Test worker] WARN net.thucydides.core.steps.BaseStepListener - stepFinished: current outcome:search for automation on the utest page:Given click register [Juan open up [Juan opens the Utest page], Juan top page [Juan clicks on button that shows us the form to register as a user
]]
[Test worker] WARN net.thucydides.core.steps.BaseStepListener - stepStarted: net.thucydides.core.steps.ExecutedStepDescription@1130d94b
[Test worker] WARN net.thucydides.core.steps.BaseStepListener - stepStarted: net.thucydides.core.steps.ExecutedStepDescription@7b5c11e5
[Test worker] WARN net.thucydides.core.steps.BaseStepListener - stepStarted: net.thucydides.core.steps.ExecutedStepDescription@7c2f749d
[Test worker] WARN net.thucydides.core.steps.BaseStepListener - stepFinished: current outcome:search for automation on the utest page:Given click register [Juan open up [Juan opens the Utest page], Juan top page [Juan clicks on button that shows us the form to register as a user
]], When record of each steps [Juan step firts [Juan enters 'Juan' into where do we write the user]]
[Test worker] WARN net.thucydides.core.steps.BaseStepListener - stepStarted: net.thucydides.core.steps.ExecutedStepDescription@79a3161a
[Test worker] WARN net.thucydides.core.steps.BaseStepListener - stepFinished: current outcome:search for automation on the utest page:Given click register [Juan open up [Juan opens the Utest page], Juan top page [Juan clicks on button that shows us the form to register as a user
]], When record of each steps [Juan step firts [Juan enters 'Juan' into where do we write the user, Juan enters 'Carvajal' into where do we write the password]]
[Test worker] WARN net.thucydides.core.steps.BaseStepListener - stepStarted: net.thucydides.core.steps.ExecutedStepDescription@338b98c7
[Test worker] WARN net.thucydides.core.steps.BaseStepListener - stepFinished: current outcome:search for automation on the utest page:Given click register [Juan open up [Juan opens the Utest page], Juan top page [Juan clicks on button that shows us the form to register as a user
]], When record of each steps [Juan step firts [Juan enters 'Juan' into where do we write the user, Juan enters 'Carvajal' into where do we write the password, Juan enters 'feslipe@gmail.com' into where do we write the password]]
[Test worker] WARN net.thucydides.core.steps.BaseStepListener - stepStarted: net.thucydides.core.steps.ExecutedStepDescription@79df2f72
[Test worker] WARN net.thucydides.core.steps.BaseStepListener - stepFinished: current outcome:search for automation on the utest page:Given click register [Juan open up [Juan opens the Utest page], Juan top page [Juan clicks on button that shows us the form to register as a user
]], When record of each steps [Juan step firts [Juan enters 'Juan' into where do we write the user, Juan enters 'Carvajal' into where do we write the password, Juan enters 'feslipe@gmail.com' into where do we write the password, Juan clicks on where do we write the password]]
[Test worker] WARN net.thucydides.core.steps.BaseStepListener - stepStarted: net.thucydides.core.steps.ExecutedStepDescription@61748805
[Test worker] WARN net.thucydides.core.steps.BaseStepListener - stepFinished: current outcome:search for automation on the utest page:Given click register [Juan open up [Juan opens the Utest page], Juan top page [Juan clicks on button that shows us the form to register as a user
]], When record of each steps [Juan step firts [Juan enters 'Juan' into where do we write the user, Juan enters 'Carvajal' into where do we write the password, Juan enters 'feslipe@gmail.com' into where do we write the password, Juan clicks on where do we write the password, Juan clicks on where do we write the password]]
[Test worker] WARN net.thucydides.core.steps.BaseStepListener - stepStarted: net.thucydides.core.steps.ExecutedStepDescription@721c75df
[Test worker] WARN net.thucydides.core.steps.BaseStepListener - stepFinished: current outcome:search for automation on the utest page:Given click register [Juan open up [Juan opens the Utest page], Juan top page [Juan clicks on button that shows us the form to register as a user
]], When record of each steps [Juan step firts [Juan enters 'Juan' into where do we write the user, Juan enters 'Carvajal' into where do we write the password, Juan enters 'feslipe@gmail.com' into where do we write the password, Juan clicks on where do we write the password, Juan clicks on where do we write the password, Juan clicks on where do we write the password]]
[Test worker] WARN net.thucydides.core.steps.BaseStepListener - stepStarted: net.thucydides.core.steps.ExecutedStepDescription@c63d880
[Test worker] WARN net.thucydides.core.steps.BaseStepListener - stepFinished: current outcome:search for automation on the utest page:Given click register [Juan open up [Juan opens the Utest page], Juan top page [Juan clicks on button that shows us the form to register as a user
]], When record of each steps [Juan step firts [Juan enters 'Juan' into where do we write the user, Juan enters 'Carvajal' into where do we write the password, Juan enters 'feslipe@gmail.com' into where do we write the password, Juan clicks on where do we write the password, Juan clicks on where do we write the password, Juan clicks on where do we write the password, Juan clicks on where do we write the password]]
[Test worker] WARN net.thucydides.core.steps.BaseStepListener - stepFinished: current outcome:search for automation on the utest page:Given click register [Juan open up [Juan opens the Utest page], Juan top page [Juan clicks on button that shows us the form to register as a user
]], When record of each steps [Juan step firts [Juan enters 'Juan' into where do we write the user, Juan enters 'Carvajal' into where do we write the password, Juan enters 'feslipe@gmail.com' into where do we write the password, Juan clicks on where do we write the password, Juan clicks on where do we write the password, Juan clicks on where do we write the password, Juan clicks on where do we write the password]]
[Test worker] WARN net.thucydides.core.steps.BaseStepListener - stepStarted: net.thucydides.core.steps.ExecutedStepDescription@65752f5a
[Test worker] WARN net.thucydides.core.steps.BaseStepListener - stepStarted: net.thucydides.core.steps.ExecutedStepDescription@2482e6df
[Test worker] WARN net.thucydides.core.steps.BaseStepListener - stepFinished: current outcome:search for automation on the utest page:Given click register [Juan open up [Juan opens the Utest page], Juan top page [Juan clicks on button that shows us the form to register as a user
]], When record of each steps [Juan step firts [Juan enters 'Juan' into where do we write the user, Juan enters 'Carvajal' into where do we write the password, Juan enters 'feslipe@gmail.com' into where do we write the password, Juan clicks on where do we write the password, Juan clicks on where do we write the password, Juan clicks on where do we write the password, Juan clicks on where do we write the password], Juan step second [Juan clicks on button that shows us the form to register as a user]]
[Test worker] WARN net.thucydides.core.steps.BaseStepListener - stepFinished: current outcome:search for automation on the utest page:Given click register [Juan open up [Juan opens the Utest page], Juan top page [Juan clicks on button that shows us the form to register as a user
]], When record of each steps [Juan step firts [Juan enters 'Juan' into where do we write the user, Juan enters 'Carvajal' into where do we write the password, Juan enters 'feslipe@gmail.com' into where do we write the password, Juan clicks on where do we write the password, Juan clicks on where do we write the password, Juan clicks on where do we write the password, Juan clicks on where do we write the password], Juan step second [Juan clicks on button that shows us the form to register as a user]]
[Test worker] WARN net.thucydides.core.steps.BaseStepListener - stepStarted: net.thucydides.core.steps.ExecutedStepDescription@73e40e61
[Test worker] WARN net.thucydides.core.steps.BaseStepListener - stepStarted: net.thucydides.core.steps.ExecutedStepDescription@3b7baabb
[Test worker] WARN net.thucydides.core.steps.BaseStepListener - stepFinished: current outcome:search for automation on the utest page:Given click register [Juan open up [Juan opens the Utest page], Juan top page [Juan clicks on button that shows us the form to register as a user
]], When record of each steps [Juan step firts [Juan enters 'Juan' into where do we write the user, Juan enters 'Carvajal' into where do we write the password, Juan enters 'feslipe@gmail.com' into where do we write the password, Juan clicks on where do we write the password, Juan clicks on where do we write the password, Juan clicks on where do we write the password, Juan clicks on where do we write the password], Juan step second [Juan clicks on button that shows us the form to register as a user], Juan step third [Juan clicks on button that shows us the form to register as a user]]
[Test worker] WARN net.thucydides.core.steps.BaseStepListener - stepStarted: net.thucydides.core.steps.ExecutedStepDescription@2f0c4eac
[Test worker] WARN net.thucydides.core.steps.BaseStepListener - stepFinished: current outcome:search for automation on the utest page:Given click register [Juan open up [Juan opens the Utest page], Juan top page [Juan clicks on button that shows us the form to register as a user
]], When record of each steps [Juan step firts [Juan enters 'Juan' into where do we write the user, Juan enters 'Carvajal' into where do we write the password, Juan enters 'feslipe@gmail.com' into where do we write the password, Juan clicks on where do we write the password, Juan clicks on where do we write the password, Juan clicks on where do we write the password, Juan clicks on where do we write the password], Juan step second [Juan clicks on button that shows us the form to register as a user], Juan step third [Juan clicks on button that shows us the form to register as a user, Juan clicks on button that shows us the form to register as a user]]
[Test worker] WARN net.thucydides.core.steps.BaseStepListener - stepFinished: current outcome:search for automation on the utest page:Given click register [Juan open up [Juan opens the Utest page], Juan top page [Juan clicks on button that shows us the form to register as a user
]], When record of each steps [Juan step firts [Juan enters 'Juan' into where do we write the user, Juan enters 'Carvajal' into where do we write the password, Juan enters 'feslipe@gmail.com' into where do we write the password, Juan clicks on where do we write the password, Juan clicks on where do we write the password, Juan clicks on where do we write the password, Juan clicks on where do we write the password], Juan step second [Juan clicks on button that shows us the form to register as a user], Juan step third [Juan clicks on button that shows us the form to register as a user, Juan clicks on button that shows us the form to register as a user]]
[Test worker] WARN net.thucydides.core.steps.BaseStepListener - stepStarted: net.thucydides.core.steps.ExecutedStepDescription@7da415a5
[Test worker] WARN net.thucydides.core.steps.BaseStepListener - stepStarted: net.thucydides.core.steps.ExecutedStepDescription@377366ea
[Test worker] WARN net.thucydides.core.steps.BaseStepListener - stepFinished: current outcome:search for automation on the utest page:Given click register [Juan open up [Juan opens the Utest page], Juan top page [Juan clicks on button that shows us the form to register as a user
]], When record of each steps [Juan step firts [Juan enters 'Juan' into where do we write the user, Juan enters 'Carvajal' into where do we write the password, Juan enters 'feslipe@gmail.com' into where do we write the password, Juan clicks on where do we write the password, Juan clicks on where do we write the password, Juan clicks on where do we write the password, Juan clicks on where do we write the password], Juan step second [Juan clicks on button that shows us the form to register as a user], Juan step third [Juan clicks on button that shows us the form to register as a user, Juan clicks on button that shows us the form to register as a user], Juan step fourth [Juan enters 'JuanCarvajal1999*' into where do we write the user]]
[Test worker] WARN net.thucydides.core.steps.BaseStepListener - stepStarted: net.thucydides.core.steps.ExecutedStepDescription@37f9f441
[Test worker] WARN net.thucydides.core.steps.BaseStepListener - stepFinished: current outcome:search for automation on the utest page:Given click register [Juan open up [Juan opens the Utest page], Juan top page [Juan clicks on button that shows us the form to register as a user
]], When record of each steps [Juan step firts [Juan enters 'Juan' into where do we write the user, Juan enters 'Carvajal' into where do we write the password, Juan enters 'feslipe@gmail.com' into where do we write the password, Juan clicks on where do we write the password, Juan clicks on where do we write the password, Juan clicks on where do we write the password, Juan clicks on where do we write the password], Juan step second [Juan clicks on button that shows us the form to register as a user], Juan step third [Juan clicks on button that shows us the form to register as a user, Juan clicks on button that shows us the form to register as a user], Juan step fourth [Juan enters 'JuanCarvajal1999*' into where do we write the user, Juan enters 'JuanCarvajal1999*' into where do we write the password]]
[Test worker] WARN net.thucydides.core.steps.BaseStepListener - stepStarted: net.thucydides.core.steps.ExecutedStepDescription@515e4ea9
[Test worker] WARN net.thucydides.core.steps.BaseStepListener - stepFinished: current outcome:search for automation on the utest page:Given click register [Juan open up [Juan opens the Utest page], Juan top page [Juan clicks on button that shows us the form to register as a user
]], When record of each steps [Juan step firts [Juan enters 'Juan' into where do we write the user, Juan enters 'Carvajal' into where do we write the password, Juan enters 'feslipe@gmail.com' into where do we write the password, Juan clicks on where do we write the password, Juan clicks on where do we write the password, Juan clicks on where do we write the password, Juan clicks on where do we write the password], Juan step second [Juan clicks on button that shows us the form to register as a user], Juan step third [Juan clicks on button that shows us the form to register as a user, Juan clicks on button that shows us the form to register as a user], Juan step fourth [Juan enters 'JuanCarvajal1999*' into where do we write the user, Juan enters 'JuanCarvajal1999*' into where do we write the password, Juan clicks on where do we write the password]]
[Test worker] WARN net.thucydides.core.steps.BaseStepListener - stepStarted: net.thucydides.core.steps.ExecutedStepDescription@443e8ae0
[Test worker] WARN net.thucydides.core.steps.BaseStepListener - stepFinished: current outcome:search for automation on the utest page:Given click register [Juan open up [Juan opens the Utest page], Juan top page [Juan clicks on button that shows us the form to register as a user
]], When record of each steps [Juan step firts [Juan enters 'Juan' into where do we write the user, Juan enters 'Carvajal' into where do we write the password, Juan enters 'feslipe@gmail.com' into where do we write the password, Juan clicks on where do we write the password, Juan clicks on where do we write the password, Juan clicks on where do we write the password, Juan clicks on where do we write the password], Juan step second [Juan clicks on button that shows us the form to register as a user], Juan step third [Juan clicks on button that shows us the form to register as a user, Juan clicks on button that shows us the form to register as a user], Juan step fourth [Juan enters 'JuanCarvajal1999*' into where do we write the user, Juan enters 'JuanCarvajal1999*' into where do we write the password, Juan clicks on where do we write the password, Juan clicks on where do we write the password]]
[Test worker] WARN net.thucydides.core.steps.BaseStepListener - stepStarted: net.thucydides.core.steps.ExecutedStepDescription@2c3ea079
[Test worker] WARN net.thucydides.core.steps.BaseStepListener - stepFinished: current outcome:search for automation on the utest page:Given click register [Juan open up [Juan opens the Utest page], Juan top page [Juan clicks on button that shows us the form to register as a user
]], When record of each steps [Juan step firts [Juan enters 'Juan' into where do we write the user, Juan enters 'Carvajal' into where do we write the password, Juan enters 'feslipe@gmail.com' into where do we write the password, Juan clicks on where do we write the password, Juan clicks on where do we write the password, Juan clicks on where do we write the password, Juan clicks on where do we write the password], Juan step second [Juan clicks on button that shows us the form to register as a user], Juan step third [Juan clicks on button that shows us the form to register as a user, Juan clicks on button that shows us the form to register as a user], Juan step fourth [Juan enters 'JuanCarvajal1999*' into where do we write the user, Juan enters 'JuanCarvajal1999*' into where do we write the password, Juan clicks on where do we write the password, Juan clicks on where do we write the password, Juan clicks on where do we write the password]]
[Test worker] WARN net.thucydides.core.steps.BaseStepListener - stepStarted: net.thucydides.core.steps.ExecutedStepDescription@72e9505
[Test worker] WARN net.thucydides.core.steps.BaseStepListener - stepFinished: current outcome:search for automation on the utest page:Given click register [Juan open up [Juan opens the Utest page], Juan top page [Juan clicks on button that shows us the form to register as a user
]], When record of each steps [Juan step firts [Juan enters 'Juan' into where do we write the user, Juan enters 'Carvajal' into where do we write the password, Juan enters 'feslipe@gmail.com' into where do we write the password, Juan clicks on where do we write the password, Juan clicks on where do we write the password, Juan clicks on where do we write the password, Juan clicks on where do we write the password], Juan step second [Juan clicks on button that shows us the form to register as a user], Juan step third [Juan clicks on button that shows us the form to register as a user, Juan clicks on button that shows us the form to register as a user], Juan step fourth [Juan enters 'JuanCarvajal1999*' into where do we write the user, Juan enters 'JuanCarvajal1999*' into where do we write the password, Juan clicks on where do we write the password, Juan clicks on where do we write the password, Juan clicks on where do we write the password, Juan enters 'JuanCarvajal1999*' into where do we write the user]]
[Test worker] WARN net.thucydides.core.steps.BaseStepListener - stepStarted: net.thucydides.core.steps.ExecutedStepDescription@29e9e393
[Test worker] WARN net.thucydides.core.steps.BaseStepListener - stepFinished: current outcome:search for automation on the utest page:Given click register [Juan open up [Juan opens the Utest page], Juan top page [Juan clicks on button that shows us the form to register as a user
]], When record of each steps [Juan step firts [Juan enters 'Juan' into where do we write the user, Juan enters 'Carvajal' into where do we write the password, Juan enters 'feslipe@gmail.com' into where do we write the password, Juan clicks on where do we write the password, Juan clicks on where do we write the password, Juan clicks on where do we write the password, Juan clicks on where do we write the password], Juan step second [Juan clicks on button that shows us the form to register as a user], Juan step third [Juan clicks on button that shows us the form to register as a user, Juan clicks on button that shows us the form to register as a user], Juan step fourth [Juan enters 'JuanCarvajal1999*' into where do we write the user, Juan enters 'JuanCarvajal1999*' into where do we write the password, Juan clicks on where do we write the password, Juan clicks on where do we write the password, Juan clicks on where do we write the password, Juan enters 'JuanCarvajal1999*' into where do we write the user, Juan enters 'JuanCarvajal1999*' into where do we write the password]]
[Test worker] WARN net.thucydides.core.steps.BaseStepListener - stepStarted: net.thucydides.core.steps.ExecutedStepDescription@74d8dab7
[Test worker] WARN net.thucydides.core.steps.BaseStepListener - stepFinished: current outcome:search for automation on the utest page:Given click register [Juan open up [Juan opens the Utest page], Juan top page [Juan clicks on button that shows us the form to register as a user
]], When record of each steps [Juan step firts [Juan enters 'Juan' into where do we write the user, Juan enters 'Carvajal' into where do we write the password, Juan enters 'feslipe@gmail.com' into where do we write the password, Juan clicks on where do we write the password, Juan clicks on where do we write the password, Juan clicks on where do we write the password, Juan clicks on where do we write the password], Juan step second [Juan clicks on button that shows us the form to register as a user], Juan step third [Juan clicks on button that shows us the form to register as a user, Juan clicks on button that shows us the form to register as a user], Juan step fourth [Juan enters 'JuanCarvajal1999*' into where do we write the user, Juan enters 'JuanCarvajal1999*' into where do we write the password, Juan clicks on where do we write the password, Juan clicks on where do we write the password, Juan clicks on where do we write the password, Juan enters 'JuanCarvajal1999*' into where do we write the user, Juan enters 'JuanCarvajal1999*' into where do we write the password, Juan clicks on where do we write the password]]
[Test worker] WARN net.thucydides.core.steps.BaseStepListener - stepFinished: current outcome:search for automation on the utest page:Given click register [Juan open up [Juan opens the Utest page], Juan top page [Juan clicks on button that shows us the form to register as a user
]], When record of each steps [Juan step firts [Juan enters 'Juan' into where do we write the user, Juan enters 'Carvajal' into where do we write the password, Juan enters 'feslipe@gmail.com' into where do we write the password, Juan clicks on where do we write the password, Juan clicks on where do we write the password, Juan clicks on where do we write the password, Juan clicks on where do we write the password], Juan step second [Juan clicks on button that shows us the form to register as a user], Juan step third [Juan clicks on button that shows us the form to register as a user, Juan clicks on button that shows us the form to register as a user], Juan step fourth [Juan enters 'JuanCarvajal1999*' into where do we write the user, Juan enters 'JuanCarvajal1999*' into where do we write the password, Juan clicks on where do we write the password, Juan clicks on where do we write the password, Juan clicks on where do we write the password, Juan enters 'JuanCarvajal1999*' into where do we write the user, Juan enters 'JuanCarvajal1999*' into where do we write the password, Juan clicks on where do we write the password]]
[Test worker] WARN net.thucydides.core.steps.BaseStepListener - stepStarted: net.thucydides.core.steps.ExecutedStepDescription@7ef7973e
[Test worker] WARN net.thucydides.core.steps.BaseStepListener - testFinished: search for automation on the utest page:Given click register [Juan open up [Juan opens the Utest page], Juan top page [Juan clicks on button that shows us the form to register as a user
]], When record of each steps [Juan step firts [Juan enters 'Juan' into where do we write the user, Juan enters 'Carvajal' into where do we write the password, Juan enters 'feslipe@gmail.com' into where do we write the password, Juan clicks on where do we write the password, Juan clicks on where do we write the password, Juan clicks on where do we write the password, Juan clicks on where do we write the password], Juan step second [Juan clicks on button that shows us the form to register as a user], Juan step third [Juan clicks on button that shows us the form to register as a user, Juan clicks on button that shows us the form to register as a user], Juan step fourth [Juan enters 'JuanCarvajal1999*' into where do we write the user, Juan enters 'JuanCarvajal1999*' into where do we write the password, Juan clicks on where do we write the password, Juan clicks on where do we write the password, Juan clicks on where do we write the password, Juan enters 'JuanCarvajal1999*' into where do we write the user, Juan enters 'JuanCarvajal1999*' into where do we write the password, Juan clicks on where do we write the password]], Then verify that the user registration is correct
[Test worker] WARN net.thucydides.core.steps.BaseStepListener - TestOutcomes: [search for automation on the utest page:Given click register [Juan open up [Juan opens the Utest page], Juan top page [Juan clicks on button that shows us the form to register as a user
]], When record of each steps [Juan step firts [Juan enters 'Juan' into where do we write the user, Juan enters 'Carvajal' into where do we write the password, Juan enters 'feslipe@gmail.com' into where do we write the password, Juan clicks on where do we write the password, Juan clicks on where do we write the password, Juan clicks on where do we write the password, Juan clicks on where do we write the password], Juan step second [Juan clicks on button that shows us the form to register as a user], Juan step third [Juan clicks on button that shows us the form to register as a user, Juan clicks on button that shows us the form to register as a user], Juan step fourth [Juan enters 'JuanCarvajal1999*' into where do we write the user, Juan enters 'JuanCarvajal1999*' into where do we write the password, Juan clicks on where do we write the password, Juan clicks on where do we write the password, Juan clicks on where do we write the password, Juan enters 'JuanCarvajal1999*' into where do we write the user, Juan enters 'JuanCarvajal1999*' into where do we write the password, Juan clicks on where do we write the password]], Then verify that the user registration is correct]
[Test worker] WARN net.thucydides.core.steps.BaseStepListener - Final testOutcomes: [search for automation on the utest page:Given click register [Juan open up [Juan opens the Utest page], Juan top page [Juan clicks on button that shows us the form to register as a user
]], When record of each steps [Juan step firts [Juan enters 'Juan' into where do we write the user, Juan enters 'Carvajal' into where do we write the password, Juan enters 'feslipe@gmail.com' into where do we write the password, Juan clicks on where do we write the password, Juan clicks on where do we write the password, Juan clicks on where do we write the password, Juan clicks on where do we write the password], Juan step second [Juan clicks on button that shows us the form to register as a user], Juan step third [Juan clicks on button that shows us the form to register as a user, Juan clicks on button that shows us the form to register as a user], Juan step fourth [Juan enters 'JuanCarvajal1999*' into where do we write the user, Juan enters 'JuanCarvajal1999*' into where do we write the password, Juan clicks on where do we write the password, Juan clicks on where do we write the password, Juan clicks on where do we write the password, Juan enters 'JuanCarvajal1999*' into where do we write the user, Juan enters 'JuanCarvajal1999*' into where do we write the password, Juan clicks on where do we write the password]], Then verify that the user registration is correct]
[Test worker] ERROR net.thucydides.core.steps.ConsoleLoggingListener - 
           __  _____ _____ ____ _____   _____ _    ___ _     _____ ____  
  _       / / |_   _| ____/ ___|_   _| |  ___/ \  |_ _| |   | ____|  _ \ 
 (_)_____| |    | | |  _| \___ \ | |   | |_ / _ \  | || |   |  _| | | | |
  _|_____| |    | | | |___ ___) || |   |  _/ ___ \ | || |___| |___| |_| |
 (_)     | |    |_| |_____|____/ |_|   |_|/_/   \_\___|_____|_____|____/ 
          \_\                                                            

TEST FAILED WITH ERROR: search for automation on the utest page
---------------------------------------------------------------------
[Test worker] ERROR net.thucydides.core.steps.ConsoleLoggingListener - TEST FAILED AT STEP Then verify that the user registration is correct
[Test worker] ERROR net.thucydides.core.steps.ConsoleLoggingListener - Expected enabled element was not enabled
</pre>
</span>
</div>
</div>
<div id="footer">
<p>
<div>
<label class="hidden" id="label-for-line-wrapping-toggle" for="line-wrapping-toggle">Wrap lines
<input id="line-wrapping-toggle" type="checkbox" autocomplete="off"/>
</label>
</div>Generated by 
<a href="http://www.gradle.org">Gradle 6.7</a> at 06-oct-2021 21:46:00</p>
</div>
</div>
</body>
</html>
